<?xml version="1.0" encoding="UTF-8"?>
<!-- Generated by org.testng.reporters.JUnitReportReporter -->
<testsuite hostname="Dipu" failures="0" tests="6" name="testcase.testcase_1" time="25.522" errors="0" timestamp="2024-03-19T11:03:23 IST" skipped="0">
  <testcase classname="testcase.testcase_1" name="logout" time="7.705"/>
  <testcase classname="testcase.testcase_1" name="login" time="1.686">
    <system-out>
      <![CDATA[title is matching]]>
    </system-out>
  </testcase> <!-- login -->
  <testcase classname="testcase.testcase_1" name="login" time="0.539">
    <system-out>
      <![CDATA[title is matching]]>
    </system-out>
  </testcase> <!-- login -->
  <testcase classname="testcase.testcase_1" name="login" time="0.537">
    <system-out>
      <![CDATA[title is matching]]>
    </system-out>
  </testcase> <!-- login -->
  <testcase classname="testcase.testcase_1" name="logout" time="9.298"/>
  <testcase classname="testcase.testcase_1" name="logout" time="5.757"/>
  <system-out>
    <![CDATA[suite executoion start
title is matching
title is matching
title is matching
suite executoion complete]]>
  </system-out>
</testsuite> <!-- testcase.testcase_1 -->
